<?xml version="1.0" encoding="UTF-8"?>
<!-- Generated by org.testng.reporters.JUnitReportReporter -->
<testsuite skipped="0" hostname="synclapn2791" name="pom.fb.qa.testcases.HomePageTest" tests="1" failures="0" timestamp="29 Oct 2018 06:19:25 GMT" time="18.484" errors="0">
  <testcase name="verifyHomePageTitleTest" time="18.484" classname="pom.fb.qa.testcases.HomePageTest"/>
</testsuite> <!-- pom.fb.qa.testcases.HomePageTest -->
