<?xml version="1.0" encoding="UTF-8"?>
<!-- Generated by org.testng.reporters.JUnitReportReporter -->
<testsuite skipped="0" hostname="synclapn2791" name="pom.fb.qa.testcases.ContactsPageTest" tests="2" failures="0" timestamp="04 Dec 2018 08:39:33 GMT" time="39.839" errors="0">
  <testcase name="verifyContactsLabelTest" time="17.132" classname="pom.fb.qa.testcases.ContactsPageTest"/>
  <testcase name="verifyContactListTest" time="22.707" classname="pom.fb.qa.testcases.ContactsPageTest"/>
</testsuite> <!-- pom.fb.qa.testcases.ContactsPageTest -->
